2026-04-24 01:48:33,210 — INFO — Logging initialisé — fichier: C:\Users\hp\Documents\mexora_etl\logs\etl_20260424_014833.log
2026-04-24 01:48:33,210 — INFO — ============================================================
2026-04-24 01:48:33,211 — INFO — DÉMARRAGE PIPELINE ETL MEXORA
2026-04-24 01:48:33,211 — INFO — Mode de chargement : POSTGRES
2026-04-24 01:48:33,211 — INFO — Date d'exécution : 2026-04-24 01:48:33
2026-04-24 01:48:33,211 — INFO — ============================================================
2026-04-24 01:48:33,211 — INFO — 
2026-04-24 01:48:33,212 — INFO — --- PHASE EXTRACT ---
2026-04-24 01:48:33,454 — INFO — [EXTRACT] Commandes : 50000 lignes extraites depuis C:\Users\hp\Documents\mexora_etl\data\commandes_mexora.csv
2026-04-24 01:48:33,459 — INFO — [EXTRACT] Produits : 57 lignes extraites depuis C:\Users\hp\Documents\mexora_etl\data\produits_mexora.json
2026-04-24 01:48:33,499 — INFO — [EXTRACT] Clients : 5150 lignes extraites depuis C:\Users\hp\Documents\mexora_etl\data\clients_mexora.csv
2026-04-24 01:48:33,504 — INFO — [EXTRACT] Régions : 30 lignes extraites depuis C:\Users\hp\Documents\mexora_etl\data\regions_maroc.csv
2026-04-24 01:48:33,505 — INFO — 
2026-04-24 01:48:33,505 — INFO — --- PHASE TRANSFORM ---
2026-04-24 01:48:33,505 — INFO — 
2026-04-24 01:48:33,506 — INFO — [TRANSFORM] === Nettoyage des commandes ===
2026-04-24 01:48:33,506 — INFO — [TRANSFORM] Commandes — Début du nettoyage (50000 lignes)
2026-04-24 01:48:33,538 — INFO — [TRANSFORM] R1 doublons : 1500 lignes supprimées (3.0%)
2026-04-24 01:48:35,095 — INFO — [TRANSFORM] R2 dates : 0 dates invalides supprimées
2026-04-24 01:48:35,193 — INFO — [TRANSFORM] Référentiel villes chargé : 75 entrées de mapping
2026-04-24 01:48:35,249 — INFO — [TRANSFORM] R3 villes : 28 variantes → 14 villes standardisées (0 non mappées)
2026-04-24 01:48:35,295 — INFO — [TRANSFORM] R4 statuts : 0 valeurs non reconnues → 'inconnu'
2026-04-24 01:48:35,334 — INFO — [TRANSFORM] R5 quantités : 458 lignes supprimées (quantité <= 0)
2026-04-24 01:48:35,382 — INFO — [TRANSFORM] R6 prix : 739 commandes test supprimées (prix = 0)
2026-04-24 01:48:35,412 — INFO — [TRANSFORM] R7 livreurs : 3216 valeurs manquantes remplacées par -1
2026-04-24 01:48:35,412 — INFO — [TRANSFORM] Commandes : 50000 → 47303 lignes (2697 supprimées au total, 5.4%)
2026-04-24 01:48:35,413 — INFO — 
2026-04-24 01:48:35,413 — INFO — [TRANSFORM] === Nettoyage des produits ===
2026-04-24 01:48:35,413 — INFO — [TRANSFORM] Produits — Début du nettoyage (57 lignes)
2026-04-24 01:48:35,417 — INFO — [TRANSFORM] R1 catégories : harmonisées en Title Case (4 catégories distinctes)
2026-04-24 01:48:35,419 — INFO — [TRANSFORM] R2 produits inactifs : 9 produits marqués inactifs (conservés pour SCD)
2026-04-24 01:48:35,428 — INFO — [TRANSFORM] R3 prix catalogue : 2 valeurs nulles remplacées par la médiane catégorie
2026-04-24 01:48:35,433 — INFO — [TRANSFORM] Produits : 57 → 57 lignes (aucune suppression)
2026-04-24 01:48:35,434 — INFO — 
2026-04-24 01:48:35,434 — INFO — [TRANSFORM] === Nettoyage des clients ===
2026-04-24 01:48:35,441 — INFO — [TRANSFORM] Référentiel villes chargé : 75 entrées de mapping
2026-04-24 01:48:35,441 — INFO — [TRANSFORM] Clients — Début du nettoyage (5150 lignes)
2026-04-24 01:48:35,469 — INFO — [TRANSFORM] R1 doublons email : 193 lignes supprimées
2026-04-24 01:48:35,479 — INFO — [TRANSFORM] R2 sexe : standardisé (m/f/inconnu), 0 valeurs inconnues
2026-04-24 01:48:35,503 — INFO — [TRANSFORM] R3 dates naissance : 101 âges invalides (< 16 ou > 100 ans)
2026-04-24 01:48:35,517 — INFO — [TRANSFORM] R4 emails : 117 emails invalides mis à NULL
2026-04-24 01:48:35,528 — INFO — [TRANSFORM] R5 villes : harmonisées (0 non mappées)
2026-04-24 01:48:35,531 — INFO — [TRANSFORM] Clients : 5150 → 4957 lignes (193 supprimées au total)
2026-04-24 01:48:35,531 — INFO — 
2026-04-24 01:48:35,532 — INFO — [TRANSFORM] === Construction des dimensions ===
2026-04-24 01:48:35,652 — INFO — [TRANSFORM] DIM_TEMPS : 2192 jours générés (2020-01-01 → 2025-12-31)
2026-04-24 01:48:35,658 — INFO — [TRANSFORM] DIM_PRODUIT : 57 produits (dont 9 inactifs)
2026-04-24 01:48:35,677 — INFO — [TRANSFORM] Segmentation : 1139 clients analysés
2026-04-24 01:48:35,712 — INFO — [TRANSFORM] DIM_CLIENT : 4957 clients
2026-04-24 01:48:35,715 — INFO — [TRANSFORM] Segments — Gold: 812, Silver: 176, Bronze: 3969
2026-04-24 01:48:35,722 — INFO — [TRANSFORM] DIM_REGION : 30 régions
2026-04-24 01:48:35,736 — INFO — [TRANSFORM] DIM_LIVREUR : 51 livreurs (dont 1 inconnu)
2026-04-24 01:48:35,736 — INFO — 
2026-04-24 01:48:35,736 — INFO — [TRANSFORM] === Construction de la table de faits ===
2026-04-24 01:48:36,389 — WARNING — [TRANSFORM] FAIT_VENTES : 1716 lignes sans correspondance dimension supprimées
2026-04-24 01:48:36,420 — INFO — [TRANSFORM] FAIT_VENTES : 45587 lignes construites
2026-04-24 01:48:36,421 — INFO — [TRANSFORM] CA total HT : 1,880,457,594.28 MAD
2026-04-24 01:48:36,422 — INFO — [TRANSFORM] CA total TTC : 2,256,549,112.80 MAD
2026-04-24 01:48:36,429 — INFO — 
2026-04-24 01:48:36,430 — INFO — --- PHASE LOAD ---
2026-04-24 01:48:37,517 — INFO — [LOAD] Connexion PostgreSQL établie
2026-04-24 01:48:39,149 — INFO — [LOAD] dim_temps : 2192 lignes chargées dans dwh_mexora.dim_temps
2026-04-24 01:48:39,219 — INFO — [LOAD] dim_produit : 57 lignes chargées dans dwh_mexora.dim_produit
2026-04-24 01:48:41,427 — INFO — [LOAD] dim_client : 4957 lignes chargées dans dwh_mexora.dim_client
2026-04-24 01:48:41,468 — INFO — [LOAD] dim_region : 30 lignes chargées dans dwh_mexora.dim_region
2026-04-24 01:48:41,513 — INFO — [LOAD] dim_livreur : 51 lignes chargées dans dwh_mexora.dim_livreur
2026-04-24 01:48:44,261 — INFO — [LOAD] fait_ventes : 5000/45587 lignes chargées
2026-04-24 01:48:47,412 — INFO — [LOAD] fait_ventes : 10000/45587 lignes chargées
2026-04-24 01:48:50,477 — INFO — [LOAD] fait_ventes : 15000/45587 lignes chargées
2026-04-24 01:48:53,163 — INFO — [LOAD] fait_ventes : 20000/45587 lignes chargées
2026-04-24 01:48:55,931 — INFO — [LOAD] fait_ventes : 25000/45587 lignes chargées
2026-04-24 01:48:58,810 — INFO — [LOAD] fait_ventes : 30000/45587 lignes chargées
2026-04-24 01:49:01,384 — INFO — [LOAD] fait_ventes : 35000/45587 lignes chargées
2026-04-24 01:49:04,084 — INFO — [LOAD] fait_ventes : 40000/45587 lignes chargées
2026-04-24 01:49:07,341 — INFO — [LOAD] fait_ventes : 45000/45587 lignes chargées
2026-04-24 01:49:07,696 — INFO — [LOAD] fait_ventes : 45587/45587 lignes chargées
2026-04-24 01:49:07,696 — INFO — [LOAD] fait_ventes : chargement terminé (45587 lignes)
2026-04-24 01:49:07,697 — INFO — 
2026-04-24 01:49:07,697 — INFO — ============================================================
2026-04-24 01:49:07,697 — INFO — PIPELINE ETL MEXORA — TERMINÉ AVEC SUCCÈS
2026-04-24 01:49:07,697 — INFO — Durée totale : 34.5 secondes
2026-04-24 01:49:07,698 — INFO — Dimensions chargées : 5
2026-04-24 01:49:07,698 — INFO — Lignes FAIT_VENTES : 45,587
2026-04-24 01:49:07,699 — INFO — CA total TTC : 2,256,549,112.80 MAD
2026-04-24 01:49:07,699 — INFO — ============================================================
