2026-04-24 01:56:48,853 — INFO — Logging initialisé — fichier: C:\Users\hp\Documents\mexora_etl\logs\etl_20260424_015648.log
2026-04-24 01:56:48,854 — INFO — ============================================================
2026-04-24 01:56:48,858 — INFO — DÉMARRAGE PIPELINE ETL MEXORA
2026-04-24 01:56:48,861 — INFO — Mode de chargement : POSTGRES
2026-04-24 01:56:48,862 — INFO — Date d'exécution : 2026-04-24 01:56:48
2026-04-24 01:56:48,863 — INFO — ============================================================
2026-04-24 01:56:48,865 — INFO — 
2026-04-24 01:56:48,866 — INFO — --- PHASE EXTRACT ---
2026-04-24 01:56:49,101 — INFO — [EXTRACT] Commandes : 50000 lignes extraites depuis C:\Users\hp\Documents\mexora_etl\data\commandes_mexora.csv
2026-04-24 01:56:49,106 — INFO — [EXTRACT] Produits : 57 lignes extraites depuis C:\Users\hp\Documents\mexora_etl\data\produits_mexora.json
2026-04-24 01:56:49,142 — INFO — [EXTRACT] Clients : 5150 lignes extraites depuis C:\Users\hp\Documents\mexora_etl\data\clients_mexora.csv
2026-04-24 01:56:49,146 — INFO — [EXTRACT] Régions : 30 lignes extraites depuis C:\Users\hp\Documents\mexora_etl\data\regions_maroc.csv
2026-04-24 01:56:49,147 — INFO — 
2026-04-24 01:56:49,148 — INFO — --- PHASE TRANSFORM ---
2026-04-24 01:56:49,152 — INFO — 
2026-04-24 01:56:49,153 — INFO — [TRANSFORM] === Nettoyage des commandes ===
2026-04-24 01:56:49,155 — INFO — [TRANSFORM] Commandes — Début du nettoyage (50000 lignes)
2026-04-24 01:56:49,196 — INFO — [TRANSFORM] R1 doublons : 1500 lignes supprimées (3.0%)
2026-04-24 01:56:52,887 — INFO — [TRANSFORM] R2 dates : 0 dates invalides supprimées
2026-04-24 01:56:57,851 — INFO — [TRANSFORM] Référentiel villes chargé : 75 entrées de mapping
2026-04-24 01:56:57,900 — INFO — [TRANSFORM] R3 villes : 28 variantes → 14 villes standardisées (0 non mappées)
2026-04-24 01:56:57,967 — INFO — [TRANSFORM] R4 statuts : 0 valeurs non reconnues → 'inconnu'
2026-04-24 01:56:58,001 — INFO — [TRANSFORM] R5 quantités : 458 lignes supprimées (quantité <= 0)
2026-04-24 01:56:58,046 — INFO — [TRANSFORM] R6 prix : 739 commandes test supprimées (prix = 0)
2026-04-24 01:56:58,070 — INFO — [TRANSFORM] R7 livreurs : 3216 valeurs manquantes remplacées par -1
2026-04-24 01:56:58,070 — INFO — [TRANSFORM] Commandes : 50000 → 47303 lignes (2697 supprimées au total, 5.4%)
2026-04-24 01:56:58,073 — INFO — 
2026-04-24 01:56:58,077 — INFO — [TRANSFORM] === Nettoyage des produits ===
2026-04-24 01:56:58,079 — INFO — [TRANSFORM] Produits — Début du nettoyage (57 lignes)
2026-04-24 01:56:58,083 — INFO — [TRANSFORM] R1 catégories : harmonisées en Title Case (4 catégories distinctes)
2026-04-24 01:56:58,085 — INFO — [TRANSFORM] R2 produits inactifs : 9 produits marqués inactifs (conservés pour SCD)
2026-04-24 01:56:58,098 — INFO — [TRANSFORM] R3 prix catalogue : 2 valeurs nulles remplacées par la médiane catégorie
2026-04-24 01:56:58,101 — INFO — [TRANSFORM] Produits : 57 → 57 lignes (aucune suppression)
2026-04-24 01:56:58,102 — INFO — 
2026-04-24 01:56:58,104 — INFO — [TRANSFORM] === Nettoyage des clients ===
2026-04-24 01:56:58,116 — INFO — [TRANSFORM] Référentiel villes chargé : 75 entrées de mapping
2026-04-24 01:56:58,117 — INFO — [TRANSFORM] Clients — Début du nettoyage (5150 lignes)
2026-04-24 01:56:58,149 — INFO — [TRANSFORM] R1 doublons email : 193 lignes supprimées
2026-04-24 01:56:58,158 — INFO — [TRANSFORM] R2 sexe : standardisé (m/f/inconnu), 0 valeurs inconnues
2026-04-24 01:56:58,187 — INFO — [TRANSFORM] R3 dates naissance : 101 âges invalides (< 16 ou > 100 ans)
2026-04-24 01:56:58,199 — INFO — [TRANSFORM] R4 emails : 117 emails invalides mis à NULL
2026-04-24 01:56:58,209 — INFO — [TRANSFORM] R5 villes : harmonisées (0 non mappées)
2026-04-24 01:56:58,213 — INFO — [TRANSFORM] Clients : 5150 → 4957 lignes (193 supprimées au total)
2026-04-24 01:56:58,214 — INFO — 
2026-04-24 01:56:58,215 — INFO — [TRANSFORM] === Construction des dimensions ===
2026-04-24 01:56:58,333 — INFO — [TRANSFORM] DIM_TEMPS : 2192 jours générés (2020-01-01 → 2025-12-31)
2026-04-24 01:56:58,338 — INFO — [TRANSFORM] DIM_PRODUIT : 57 produits (dont 9 inactifs)
2026-04-24 01:56:58,355 — INFO — [TRANSFORM] Segmentation : 1289 clients analysés
2026-04-24 01:56:58,377 — INFO — [TRANSFORM] DIM_CLIENT : 4957 clients
2026-04-24 01:56:58,381 — INFO — [TRANSFORM] Segments — Gold: 912, Silver: 204, Bronze: 3841
2026-04-24 01:56:58,385 — INFO — [TRANSFORM] DIM_REGION : 30 régions
2026-04-24 01:56:58,396 — INFO — [TRANSFORM] DIM_LIVREUR : 51 livreurs (dont 1 inconnu)
2026-04-24 01:56:58,396 — INFO — 
2026-04-24 01:56:58,398 — INFO — [TRANSFORM] === Construction de la table de faits ===
2026-04-24 01:56:58,922 — WARNING — [TRANSFORM] FAIT_VENTES : 1716 lignes sans correspondance dimension supprimées
2026-04-24 01:56:58,925 — INFO — [TRANSFORM] FAIT_VENTES : 45587 lignes construites
2026-04-24 01:56:58,927 — INFO — [TRANSFORM] CA total HT : 1,880,457,594.28 MAD
2026-04-24 01:56:58,930 — INFO — [TRANSFORM] CA total TTC : 2,256,549,112.80 MAD
2026-04-24 01:56:58,933 — INFO — 
2026-04-24 01:56:58,933 — INFO — --- PHASE LOAD ---
2026-04-24 01:57:00,385 — INFO — [LOAD] Connexion PostgreSQL établie
2026-04-24 01:57:01,860 — INFO — [LOAD] dim_temps : 2192 lignes chargées dans dwh_mexora.dim_temps
2026-04-24 01:57:01,972 — INFO — [LOAD] dim_produit : 57 lignes chargées dans dwh_mexora.dim_produit
2026-04-24 01:57:04,312 — INFO — [LOAD] dim_client : 4957 lignes chargées dans dwh_mexora.dim_client
2026-04-24 01:57:04,384 — INFO — [LOAD] dim_region : 30 lignes chargées dans dwh_mexora.dim_region
2026-04-24 01:57:04,470 — INFO — [LOAD] dim_livreur : 51 lignes chargées dans dwh_mexora.dim_livreur
2026-04-24 01:57:07,470 — INFO — [LOAD] fait_ventes : 5000/45587 lignes chargées
2026-04-24 01:57:10,419 — INFO — [LOAD] fait_ventes : 10000/45587 lignes chargées
2026-04-24 01:57:15,204 — INFO — [LOAD] fait_ventes : 15000/45587 lignes chargées
2026-04-24 01:57:20,716 — INFO — [LOAD] fait_ventes : 20000/45587 lignes chargées
2026-04-24 01:57:25,214 — INFO — [LOAD] fait_ventes : 25000/45587 lignes chargées
2026-04-24 01:57:29,850 — INFO — [LOAD] fait_ventes : 30000/45587 lignes chargées
2026-04-24 01:57:33,162 — INFO — [LOAD] fait_ventes : 35000/45587 lignes chargées
2026-04-24 01:57:36,073 — INFO — [LOAD] fait_ventes : 40000/45587 lignes chargées
2026-04-24 01:57:39,023 — INFO — [LOAD] fait_ventes : 45000/45587 lignes chargées
2026-04-24 01:57:39,369 — INFO — [LOAD] fait_ventes : 45587/45587 lignes chargées
2026-04-24 01:57:39,370 — INFO — [LOAD] fait_ventes : chargement terminé (45587 lignes)
2026-04-24 01:57:39,376 — INFO — 
2026-04-24 01:57:39,376 — INFO — ============================================================
2026-04-24 01:57:39,377 — INFO — PIPELINE ETL MEXORA — TERMINÉ AVEC SUCCÈS
2026-04-24 01:57:39,378 — INFO — Durée totale : 50.5 secondes
2026-04-24 01:57:39,379 — INFO — Dimensions chargées : 5
2026-04-24 01:57:39,380 — INFO — Lignes FAIT_VENTES : 45,587
2026-04-24 01:57:39,382 — INFO — CA total TTC : 2,256,549,112.80 MAD
2026-04-24 01:57:39,382 — INFO — ============================================================
