2026-04-22 22:54:09,676 — INFO — Logging initialisé — fichier: C:\Users\hp\Documents\mexora_etl\logs\etl_20260422_225409.log
2026-04-22 22:54:09,677 — INFO — ============================================================
2026-04-22 22:54:09,678 — INFO — DÉMARRAGE PIPELINE ETL MEXORA
2026-04-22 22:54:09,678 — INFO — Mode de chargement : CSV
2026-04-22 22:54:09,679 — INFO — Date d'exécution : 2026-04-22 22:54:09
2026-04-22 22:54:09,680 — INFO — ============================================================
2026-04-22 22:54:09,680 — INFO — 
2026-04-22 22:54:09,681 — INFO — --- PHASE EXTRACT ---
2026-04-22 22:54:09,994 — INFO — [EXTRACT] Commandes : 50000 lignes extraites depuis C:\Users\hp\Documents\mexora_etl\data\commandes_mexora.csv
2026-04-22 22:54:10,002 — INFO — [EXTRACT] Produits : 57 lignes extraites depuis C:\Users\hp\Documents\mexora_etl\data\produits_mexora.json
2026-04-22 22:54:10,051 — INFO — [EXTRACT] Clients : 5150 lignes extraites depuis C:\Users\hp\Documents\mexora_etl\data\clients_mexora.csv
2026-04-22 22:54:10,055 — INFO — [EXTRACT] Régions : 30 lignes extraites depuis C:\Users\hp\Documents\mexora_etl\data\regions_maroc.csv
2026-04-22 22:54:10,056 — INFO — 
2026-04-22 22:54:10,056 — INFO — --- PHASE TRANSFORM ---
2026-04-22 22:54:10,056 — INFO — 
2026-04-22 22:54:10,056 — INFO — [TRANSFORM] === Nettoyage des commandes ===
2026-04-22 22:54:10,056 — INFO — [TRANSFORM] Commandes — Début du nettoyage (50000 lignes)
2026-04-22 22:54:10,090 — INFO — [TRANSFORM] R1 doublons : 1500 lignes supprimées (3.0%)
2026-04-22 22:54:12,058 — INFO — [TRANSFORM] R2 dates : 0 dates invalides supprimées
2026-04-22 22:54:12,175 — INFO — [TRANSFORM] Référentiel villes chargé : 75 entrées de mapping
2026-04-22 22:54:12,263 — INFO — [TRANSFORM] R3 villes : 28 variantes → 14 villes standardisées (0 non mappées)
2026-04-22 22:54:12,338 — INFO — [TRANSFORM] R4 statuts : 0 valeurs non reconnues → 'inconnu'
2026-04-22 22:54:12,387 — INFO — [TRANSFORM] R5 quantités : 458 lignes supprimées (quantité <= 0)
2026-04-22 22:54:12,441 — INFO — [TRANSFORM] R6 prix : 739 commandes test supprimées (prix = 0)
2026-04-22 22:54:12,472 — INFO — [TRANSFORM] R7 livreurs : 3216 valeurs manquantes remplacées par -1
2026-04-22 22:54:12,473 — INFO — [TRANSFORM] Commandes : 50000 → 47303 lignes (2697 supprimées au total, 5.4%)
2026-04-22 22:54:12,473 — INFO — 
2026-04-22 22:54:12,473 — INFO — [TRANSFORM] === Nettoyage des produits ===
2026-04-22 22:54:12,475 — INFO — [TRANSFORM] Produits — Début du nettoyage (57 lignes)
2026-04-22 22:54:12,481 — INFO — [TRANSFORM] R1 catégories : harmonisées en Title Case (4 catégories distinctes)
2026-04-22 22:54:12,483 — INFO — [TRANSFORM] R2 produits inactifs : 9 produits marqués inactifs (conservés pour SCD)
2026-04-22 22:54:12,492 — INFO — [TRANSFORM] R3 prix catalogue : 2 valeurs nulles remplacées par la médiane catégorie
2026-04-22 22:54:12,498 — INFO — [TRANSFORM] Produits : 57 → 57 lignes (aucune suppression)
2026-04-22 22:54:12,498 — INFO — 
2026-04-22 22:54:12,499 — INFO — [TRANSFORM] === Nettoyage des clients ===
2026-04-22 22:54:12,515 — INFO — [TRANSFORM] Référentiel villes chargé : 75 entrées de mapping
2026-04-22 22:54:12,515 — INFO — [TRANSFORM] Clients — Début du nettoyage (5150 lignes)
2026-04-22 22:54:12,553 — INFO — [TRANSFORM] R1 doublons email : 193 lignes supprimées
2026-04-22 22:54:12,567 — INFO — [TRANSFORM] R2 sexe : standardisé (m/f/inconnu), 0 valeurs inconnues
2026-04-22 22:54:12,603 — INFO — [TRANSFORM] R3 dates naissance : 101 âges invalides (< 16 ou > 100 ans)
2026-04-22 22:54:12,620 — INFO — [TRANSFORM] R4 emails : 117 emails invalides mis à NULL
2026-04-22 22:54:12,634 — INFO — [TRANSFORM] R5 villes : harmonisées (0 non mappées)
2026-04-22 22:54:12,638 — INFO — [TRANSFORM] Clients : 5150 → 4957 lignes (193 supprimées au total)
2026-04-22 22:54:12,638 — INFO — 
2026-04-22 22:54:12,639 — INFO — [TRANSFORM] === Construction des dimensions ===
2026-04-22 22:54:12,854 — INFO — [TRANSFORM] DIM_TEMPS : 2192 jours générés (2020-01-01 → 2025-12-31)
2026-04-22 22:54:12,891 — INFO — [TRANSFORM] DIM_PRODUIT : 57 produits (dont 9 inactifs)
2026-04-22 22:54:12,917 — INFO — [TRANSFORM] Segmentation : 1158 clients analysés
2026-04-22 22:54:13,002 — INFO — [TRANSFORM] DIM_CLIENT : 4957 clients
2026-04-22 22:54:13,005 — INFO — [TRANSFORM] Segments — Gold: 828, Silver: 177, Bronze: 3952
2026-04-22 22:54:13,013 — INFO — [TRANSFORM] DIM_REGION : 30 régions
2026-04-22 22:54:13,053 — INFO — [TRANSFORM] DIM_LIVREUR : 51 livreurs (dont 1 inconnu)
2026-04-22 22:54:13,053 — INFO — 
2026-04-22 22:54:13,053 — INFO — [TRANSFORM] === Construction de la table de faits ===
2026-04-22 22:54:13,829 — WARNING — [TRANSFORM] FAIT_VENTES : 1716 lignes sans correspondance dimension supprimées
2026-04-22 22:54:13,857 — INFO — [TRANSFORM] FAIT_VENTES : 45587 lignes construites
2026-04-22 22:54:13,859 — INFO — [TRANSFORM] CA total HT : 1,880,457,594.28 MAD
2026-04-22 22:54:13,860 — INFO — [TRANSFORM] CA total TTC : 2,256,549,112.80 MAD
2026-04-22 22:54:13,868 — INFO — 
2026-04-22 22:54:13,868 — INFO — --- PHASE LOAD ---
2026-04-22 22:54:13,897 — INFO — [LOAD] DIM_TEMPS : 2192 lignes sauvegardées dans C:\Users\hp\Documents\mexora_etl\output\dim_temps.csv
2026-04-22 22:54:13,900 — INFO — [LOAD] DIM_PRODUIT : 57 lignes sauvegardées dans C:\Users\hp\Documents\mexora_etl\output\dim_produit.csv
2026-04-22 22:54:13,948 — INFO — [LOAD] DIM_CLIENT : 4957 lignes sauvegardées dans C:\Users\hp\Documents\mexora_etl\output\dim_client.csv
2026-04-22 22:54:13,951 — INFO — [LOAD] DIM_REGION : 30 lignes sauvegardées dans C:\Users\hp\Documents\mexora_etl\output\dim_region.csv
2026-04-22 22:54:13,954 — INFO — [LOAD] DIM_LIVREUR : 51 lignes sauvegardées dans C:\Users\hp\Documents\mexora_etl\output\dim_livreur.csv
2026-04-22 22:54:15,173 — INFO — [LOAD] FAIT_VENTES : 45587 lignes sauvegardées dans C:\Users\hp\Documents\mexora_etl\output\fait_ventes.csv
2026-04-22 22:54:15,175 — INFO — 
2026-04-22 22:54:15,177 — INFO — ============================================================
2026-04-22 22:54:15,178 — INFO — PIPELINE ETL MEXORA — TERMINÉ AVEC SUCCÈS
2026-04-22 22:54:15,178 — INFO — Durée totale : 5.5 secondes
2026-04-22 22:54:15,178 — INFO — Dimensions chargées : 5
2026-04-22 22:54:15,179 — INFO — Lignes FAIT_VENTES : 45,587
2026-04-22 22:54:15,180 — INFO — CA total TTC : 2,256,549,112.80 MAD
2026-04-22 22:54:15,180 — INFO — ============================================================
