2026-04-24 23:39:46,400 — INFO — Logging initialisé — fichier: C:\Users\hp\Documents\mexora_etl\logs\etl_20260424_233946.log
2026-04-24 23:39:46,401 — INFO — ============================================================
2026-04-24 23:39:46,402 — INFO — DÉMARRAGE PIPELINE ETL MEXORA
2026-04-24 23:39:46,403 — INFO — Mode de chargement : POSTGRES
2026-04-24 23:39:46,403 — INFO — Date d'exécution : 2026-04-24 23:39:46
2026-04-24 23:39:46,404 — INFO — ============================================================
2026-04-24 23:39:46,404 — INFO — 
2026-04-24 23:39:46,405 — INFO — --- PHASE EXTRACT ---
2026-04-24 23:39:46,663 — INFO — [EXTRACT] Commandes : 50000 lignes extraites depuis C:\Users\hp\Documents\mexora_etl\data\commandes_mexora.csv
2026-04-24 23:39:46,688 — INFO — [EXTRACT] Produits : 57 lignes extraites depuis C:\Users\hp\Documents\mexora_etl\data\produits_mexora.json
2026-04-24 23:39:46,743 — INFO — [EXTRACT] Clients : 5150 lignes extraites depuis C:\Users\hp\Documents\mexora_etl\data\clients_mexora.csv
2026-04-24 23:39:46,766 — INFO — [EXTRACT] Régions : 30 lignes extraites depuis C:\Users\hp\Documents\mexora_etl\data\regions_maroc.csv
2026-04-24 23:39:46,766 — INFO — 
2026-04-24 23:39:46,767 — INFO — --- PHASE TRANSFORM ---
2026-04-24 23:39:46,767 — INFO — 
2026-04-24 23:39:46,768 — INFO — [TRANSFORM] === Nettoyage des commandes ===
2026-04-24 23:39:46,768 — INFO — [TRANSFORM] Commandes — Début du nettoyage (50000 lignes)
2026-04-24 23:39:46,799 — INFO — [TRANSFORM] R1 doublons : 1500 lignes supprimées (3.0%)
2026-04-24 23:39:49,125 — INFO — [TRANSFORM] R2 dates : 0 dates invalides supprimées
2026-04-24 23:39:49,223 — INFO — [TRANSFORM] Référentiel villes chargé : 75 entrées de mapping
2026-04-24 23:39:49,322 — INFO — [TRANSFORM] R3 villes : 28 variantes → 14 villes standardisées (0 non mappées)
2026-04-24 23:39:49,395 — INFO — [TRANSFORM] R4 statuts : 0 valeurs non reconnues → 'inconnu'
2026-04-24 23:39:49,436 — INFO — [TRANSFORM] R5 quantités : 458 lignes supprimées (quantité <= 0)
2026-04-24 23:39:49,482 — INFO — [TRANSFORM] R6 prix : 739 commandes test supprimées (prix = 0)
2026-04-24 23:39:49,524 — INFO — [TRANSFORM] R7 livreurs : 3216 valeurs manquantes remplacées par -1
2026-04-24 23:39:49,525 — INFO — [TRANSFORM] Commandes : 50000 → 47303 lignes (2697 supprimées au total, 5.4%)
2026-04-24 23:39:49,534 — INFO — 
2026-04-24 23:39:49,541 — INFO — [TRANSFORM] === Nettoyage des produits ===
2026-04-24 23:39:49,544 — INFO — [TRANSFORM] Produits — Début du nettoyage (57 lignes)
2026-04-24 23:39:49,555 — INFO — [TRANSFORM] R1 catégories : harmonisées en Title Case (4 catégories distinctes)
2026-04-24 23:39:49,559 — INFO — [TRANSFORM] R2 produits inactifs : 9 produits marqués inactifs (conservés pour SCD)
2026-04-24 23:39:49,575 — INFO — [TRANSFORM] R3 prix catalogue : 2 valeurs nulles remplacées par la médiane catégorie
2026-04-24 23:39:49,584 — INFO — [TRANSFORM] Produits : 57 → 57 lignes (aucune suppression)
2026-04-24 23:39:49,584 — INFO — 
2026-04-24 23:39:49,587 — INFO — [TRANSFORM] === Nettoyage des clients ===
2026-04-24 23:39:49,608 — INFO — [TRANSFORM] Référentiel villes chargé : 75 entrées de mapping
2026-04-24 23:39:49,609 — INFO — [TRANSFORM] Clients — Début du nettoyage (5150 lignes)
2026-04-24 23:39:49,655 — INFO — [TRANSFORM] R1 doublons email : 193 lignes supprimées
2026-04-24 23:39:49,693 — INFO — [TRANSFORM] R2 sexe : standardisé (m/f/inconnu), 0 valeurs inconnues
2026-04-24 23:39:49,733 — INFO — [TRANSFORM] R3 dates naissance : 101 âges invalides (< 16 ou > 100 ans)
2026-04-24 23:39:49,747 — INFO — [TRANSFORM] R4 emails : 117 emails invalides mis à NULL
2026-04-24 23:39:49,759 — INFO — [TRANSFORM] R5 villes : harmonisées (0 non mappées)
2026-04-24 23:39:49,764 — INFO — [TRANSFORM] Clients : 5150 → 4957 lignes (193 supprimées au total)
2026-04-24 23:39:49,765 — INFO — 
2026-04-24 23:39:49,768 — INFO — [TRANSFORM] === Construction des dimensions ===
2026-04-24 23:39:49,918 — INFO — [TRANSFORM] DIM_TEMPS : 2192 jours générés (2020-01-01 → 2025-12-31)
2026-04-24 23:39:49,927 — INFO — [TRANSFORM] DIM_PRODUIT : 57 produits (dont 9 inactifs)
2026-04-24 23:39:49,955 — INFO — [TRANSFORM] Segmentation : 1139 clients analysés
2026-04-24 23:39:50,001 — INFO — [TRANSFORM] DIM_CLIENT : 4957 clients
2026-04-24 23:39:50,006 — INFO — [TRANSFORM] Segments — Gold: 812, Silver: 176, Bronze: 3969
2026-04-24 23:39:50,014 — INFO — [TRANSFORM] DIM_REGION : 30 régions
2026-04-24 23:39:50,028 — INFO — [TRANSFORM] DIM_LIVREUR : 51 livreurs (dont 1 inconnu)
2026-04-24 23:39:50,030 — INFO — 
2026-04-24 23:39:50,033 — INFO — [TRANSFORM] === Construction de la table de faits ===
2026-04-24 23:39:51,012 — WARNING — [TRANSFORM] FAIT_VENTES : 1716 lignes sans correspondance dimension supprimées
2026-04-24 23:39:51,049 — INFO — [TRANSFORM] FAIT_VENTES : 45587 lignes construites
2026-04-24 23:39:51,050 — INFO — [TRANSFORM] CA total HT : 1,880,457,594.28 MAD
2026-04-24 23:39:51,053 — INFO — [TRANSFORM] CA total TTC : 2,256,549,112.80 MAD
2026-04-24 23:39:51,063 — INFO — 
2026-04-24 23:39:51,064 — INFO — --- PHASE LOAD ---
2026-04-24 23:39:54,170 — INFO — [LOAD] Connexion PostgreSQL établie
2026-04-24 23:39:54,750 — ERROR — [LOAD] Erreur lors du chargement de dim_temps : (psycopg2.errors.DependentObjectsStillExist) ERREUR:  n'a pas pu supprimer table dwh_mexora.dim_temps car d'autres objets en dépendent
DETAIL:  vue matérialisée reporting_mexora.mv_ca_mensuel dépend de table dwh_mexora.dim_temps
vue matérialisée reporting_mexora.mv_top_produits dépend de table dwh_mexora.dim_temps
vue matérialisée reporting_mexora.mv_performance_livreurs dépend de table dwh_mexora.dim_temps
HINT:  Utilisez DROP ... CASCADE pour supprimer aussi les objets dépendants.

[SQL: 
DROP TABLE dwh_mexora.dim_temps]
(Background on this error at: https://sqlalche.me/e/20/2j85)
2026-04-24 23:39:54,751 — ERROR — ERREUR PIPELINE : (psycopg2.errors.DependentObjectsStillExist) ERREUR:  n'a pas pu supprimer table dwh_mexora.dim_temps car d'autres objets en dépendent
DETAIL:  vue matérialisée reporting_mexora.mv_ca_mensuel dépend de table dwh_mexora.dim_temps
vue matérialisée reporting_mexora.mv_top_produits dépend de table dwh_mexora.dim_temps
vue matérialisée reporting_mexora.mv_performance_livreurs dépend de table dwh_mexora.dim_temps
HINT:  Utilisez DROP ... CASCADE pour supprimer aussi les objets dépendants.

[SQL: 
DROP TABLE dwh_mexora.dim_temps]
(Background on this error at: https://sqlalche.me/e/20/2j85)
Traceback (most recent call last):
  File "C:\Users\hp\AppData\Local\Programs\Python\Python314\Lib\site-packages\sqlalchemy\engine\base.py", line 1967, in _exec_single_context
    self.dialect.do_execute(
    ~~~~~~~~~~~~~~~~~~~~~~~^
        cursor, str_statement, effective_parameters, context
        ^^^^^^^^^^^^^^^^^^^^^^^^^^^^^^^^^^^^^^^^^^^^^^^^^^^^
    )
    ^
  File "C:\Users\hp\AppData\Local\Programs\Python\Python314\Lib\site-packages\sqlalchemy\engine\default.py", line 952, in do_execute
    cursor.execute(statement, parameters)
    ~~~~~~~~~~~~~~^^^^^^^^^^^^^^^^^^^^^^^
psycopg2.errors.DependentObjectsStillExist: ERREUR:  n'a pas pu supprimer table dwh_mexora.dim_temps car d'autres objets en dépendent
DETAIL:  vue matérialisée reporting_mexora.mv_ca_mensuel dépend de table dwh_mexora.dim_temps
vue matérialisée reporting_mexora.mv_top_produits dépend de table dwh_mexora.dim_temps
vue matérialisée reporting_mexora.mv_performance_livreurs dépend de table dwh_mexora.dim_temps
HINT:  Utilisez DROP ... CASCADE pour supprimer aussi les objets dépendants.


The above exception was the direct cause of the following exception:

Traceback (most recent call last):
  File "C:\Users\hp\Documents\mexora_etl\main.py", line 130, in run_pipeline
    charger_dimension(dim_temps, 'dim_temps', engine)
    ~~~~~~~~~~~~~~~~~^^^^^^^^^^^^^^^^^^^^^^^^^^^^^^^^
  File "C:\Users\hp\Documents\mexora_etl\load\loader.py", line 26, in charger_dimension
    df.to_sql(
    ~~~~~~~~~^
        name=table_name,
        ^^^^^^^^^^^^^^^^
    ...<5 lines>...
        chunksize=CHUNK_SIZE
        ^^^^^^^^^^^^^^^^^^^^
    )
    ^
  File "C:\Users\hp\AppData\Local\Programs\Python\Python314\Lib\site-packages\pandas\util\_decorators.py", line 333, in wrapper
    return func(*args, **kwargs)
  File "C:\Users\hp\AppData\Local\Programs\Python\Python314\Lib\site-packages\pandas\core\generic.py", line 3109, in to_sql
    return sql.to_sql(
           ~~~~~~~~~~^
        self,
        ^^^^^
    ...<8 lines>...
        method=method,
        ^^^^^^^^^^^^^^
    )
    ^
  File "C:\Users\hp\AppData\Local\Programs\Python\Python314\Lib\site-packages\pandas\io\sql.py", line 844, in to_sql
    return pandas_sql.to_sql(
           ~~~~~~~~~~~~~~~~~^
        frame,
        ^^^^^^
    ...<9 lines>...
        **engine_kwargs,
        ^^^^^^^^^^^^^^^^
    )
    ^
  File "C:\Users\hp\AppData\Local\Programs\Python\Python314\Lib\site-packages\pandas\io\sql.py", line 2020, in to_sql
    table = self.prep_table(
        frame=frame,
    ...<5 lines>...
        dtype=dtype,
    )
  File "C:\Users\hp\AppData\Local\Programs\Python\Python314\Lib\site-packages\pandas\io\sql.py", line 1924, in prep_table
    table.create()
    ~~~~~~~~~~~~^^
  File "C:\Users\hp\AppData\Local\Programs\Python\Python314\Lib\site-packages\pandas\io\sql.py", line 990, in create
    self.pd_sql.drop_table(self.name, self.schema)
    ~~~~~~~~~~~~~~~~~~~~~~^^^^^^^^^^^^^^^^^^^^^^^^
  File "C:\Users\hp\AppData\Local\Programs\Python\Python314\Lib\site-packages\pandas\io\sql.py", line 2075, in drop_table
    self.get_table(table_name, schema).drop(bind=self.con)
    ~~~~~~~~~~~~~~~~~~~~~~~~~~~~~~~~~~~~~~~^^^^^^^^^^^^^^^
  File "C:\Users\hp\AppData\Local\Programs\Python\Python314\Lib\site-packages\sqlalchemy\sql\schema.py", line 1300, in drop
    bind._run_ddl_visitor(ddl.SchemaDropper, self, checkfirst=checkfirst)
    ~~~~~~~~~~~~~~~~~~~~~^^^^^^^^^^^^^^^^^^^^^^^^^^^^^^^^^^^^^^^^^^^^^^^^
  File "C:\Users\hp\AppData\Local\Programs\Python\Python314\Lib\site-packages\sqlalchemy\engine\base.py", line 2467, in _run_ddl_visitor
    ).traverse_single(element)
      ~~~~~~~~~~~~~~~^^^^^^^^^
  File "C:\Users\hp\AppData\Local\Programs\Python\Python314\Lib\site-packages\sqlalchemy\sql\visitors.py", line 661, in traverse_single
    return meth(obj, **kw)
  File "C:\Users\hp\AppData\Local\Programs\Python\Python314\Lib\site-packages\sqlalchemy\sql\ddl.py", line 1209, in visit_table
    DropTable(table)._invoke_with(self.connection)
    ~~~~~~~~~~~~~~~~~~~~~~~~~~~~~^^^^^^^^^^^^^^^^^
  File "C:\Users\hp\AppData\Local\Programs\Python\Python314\Lib\site-packages\sqlalchemy\sql\ddl.py", line 321, in _invoke_with
    return bind.execute(self)
           ~~~~~~~~~~~~^^^^^^
  File "C:\Users\hp\AppData\Local\Programs\Python\Python314\Lib\site-packages\sqlalchemy\engine\base.py", line 1419, in execute
    return meth(
        self,
        distilled_parameters,
        execution_options or NO_OPTIONS,
    )
  File "C:\Users\hp\AppData\Local\Programs\Python\Python314\Lib\site-packages\sqlalchemy\sql\ddl.py", line 187, in _execute_on_connection
    return connection._execute_ddl(
           ~~~~~~~~~~~~~~~~~~~~~~~^
        self, distilled_params, execution_options
        ^^^^^^^^^^^^^^^^^^^^^^^^^^^^^^^^^^^^^^^^^
    )
    ^
  File "C:\Users\hp\AppData\Local\Programs\Python\Python314\Lib\site-packages\sqlalchemy\engine\base.py", line 1530, in _execute_ddl
    ret = self._execute_context(
        dialect,
    ...<4 lines>...
        compiled,
    )
  File "C:\Users\hp\AppData\Local\Programs\Python\Python314\Lib\site-packages\sqlalchemy\engine\base.py", line 1846, in _execute_context
    return self._exec_single_context(
           ~~~~~~~~~~~~~~~~~~~~~~~~~^
        dialect, context, statement, parameters
        ^^^^^^^^^^^^^^^^^^^^^^^^^^^^^^^^^^^^^^^
    )
    ^
  File "C:\Users\hp\AppData\Local\Programs\Python\Python314\Lib\site-packages\sqlalchemy\engine\base.py", line 1986, in _exec_single_context
    self._handle_dbapi_exception(
    ~~~~~~~~~~~~~~~~~~~~~~~~~~~~^
        e, str_statement, effective_parameters, cursor, context
        ^^^^^^^^^^^^^^^^^^^^^^^^^^^^^^^^^^^^^^^^^^^^^^^^^^^^^^^
    )
    ^
  File "C:\Users\hp\AppData\Local\Programs\Python\Python314\Lib\site-packages\sqlalchemy\engine\base.py", line 2363, in _handle_dbapi_exception
    raise sqlalchemy_exception.with_traceback(exc_info[2]) from e
  File "C:\Users\hp\AppData\Local\Programs\Python\Python314\Lib\site-packages\sqlalchemy\engine\base.py", line 1967, in _exec_single_context
    self.dialect.do_execute(
    ~~~~~~~~~~~~~~~~~~~~~~~^
        cursor, str_statement, effective_parameters, context
        ^^^^^^^^^^^^^^^^^^^^^^^^^^^^^^^^^^^^^^^^^^^^^^^^^^^^
    )
    ^
  File "C:\Users\hp\AppData\Local\Programs\Python\Python314\Lib\site-packages\sqlalchemy\engine\default.py", line 952, in do_execute
    cursor.execute(statement, parameters)
    ~~~~~~~~~~~~~~^^^^^^^^^^^^^^^^^^^^^^^
sqlalchemy.exc.InternalError: (psycopg2.errors.DependentObjectsStillExist) ERREUR:  n'a pas pu supprimer table dwh_mexora.dim_temps car d'autres objets en dépendent
DETAIL:  vue matérialisée reporting_mexora.mv_ca_mensuel dépend de table dwh_mexora.dim_temps
vue matérialisée reporting_mexora.mv_top_produits dépend de table dwh_mexora.dim_temps
vue matérialisée reporting_mexora.mv_performance_livreurs dépend de table dwh_mexora.dim_temps
HINT:  Utilisez DROP ... CASCADE pour supprimer aussi les objets dépendants.

[SQL: 
DROP TABLE dwh_mexora.dim_temps]
(Background on this error at: https://sqlalche.me/e/20/2j85)
